\BOOKMARK [0][-]{chapter.1}{Probability and Inference}{}% 1
\BOOKMARK [1][-]{section.1.1}{Introduction to Probability}{chapter.1}% 2
\BOOKMARK [2][-]{subsection.1.1.1}{Introduction}{section.1.1}% 3
\BOOKMARK [2][-]{subsection.1.1.2}{A First Look at Probability}{section.1.1}% 4
\BOOKMARK [2][-]{subsection.1.1.3}{Probability and the Art of Modeling Uncertainty}{section.1.1}% 5
\BOOKMARK [1][-]{section.1.2}{Probability Spaces and Events}{chapter.1}% 6
\BOOKMARK [2][-]{subsection.1.2.1}{Two Ingredients to Modeling Uncertainty}{section.1.2}% 7
\BOOKMARK [2][-]{subsection.1.2.2}{Probability Spaces}{section.1.2}% 8
\BOOKMARK [2][-]{subsection.1.2.3}{Table Representation}{section.1.2}% 9
\BOOKMARK [2][-]{subsection.1.2.4}{More on Sample Spaces}{section.1.2}% 10
\BOOKMARK [2][-]{subsection.1.2.5}{Probabilities with Events}{section.1.2}% 11
\BOOKMARK [2][-]{subsection.1.2.6}{Events as Sets}{section.1.2}% 12
\BOOKMARK [2][-]{subsection.1.2.7}{Code for Dealing with Sets in Python}{section.1.2}% 13
\BOOKMARK [2][-]{subsection.1.2.8}{Probabilities with Events and Code}{section.1.2}% 14
\BOOKMARK [1][-]{section.1.3}{Random Variables}{chapter.1}% 15
\BOOKMARK [2][-]{subsection.1.3.1}{A First Look at Random Variables}{section.1.3}% 16
\BOOKMARK [2][-]{subsection.1.3.2}{Random Variables}{section.1.3}% 17
\BOOKMARK [2][-]{subsection.1.3.3}{Random Variables Notation and Terminology}{section.1.3}% 18
\BOOKMARK [1][-]{section.1.4}{Jointly Distributed Random Variables}{chapter.1}% 19
\BOOKMARK [2][-]{subsection.1.4.1}{Relating Two Random Variables}{section.1.4}% 20
\BOOKMARK [2][-]{subsection.1.4.2}{Representing a Joint Probability Table in Code}{section.1.4}% 21
\BOOKMARK [2][-]{subsection.1.4.3}{Marginalization}{section.1.4}% 22
\BOOKMARK [2][-]{subsection.1.4.4}{Marginalization for Many Random Variables}{section.1.4}% 23
\BOOKMARK [2][-]{subsection.1.4.5}{Conditioning for Random Variables}{section.1.4}% 24
\BOOKMARK [2][-]{subsection.1.4.6}{Moving Toward a More General Story for Conditioning}{section.1.4}% 25
\BOOKMARK [1][-]{section.1.5}{Conditioning on Events}{chapter.1}% 26
\BOOKMARK [2][-]{subsection.1.5.1}{Conditioning on Events Intro}{section.1.5}% 27
\BOOKMARK [2][-]{subsection.1.5.2}{The Product Rule for Events}{section.1.5}% 28
\BOOKMARK [2][-]{subsection.1.5.3}{Bayes' Theorem for Events}{section.1.5}% 29
\BOOKMARK [2][-]{subsection.1.5.4}{Practice Problem: Bayes' Theorem and Total Probability}{section.1.5}% 30
\BOOKMARK [2][-]{subsection.1.5.5}{Take-Away Lessons:}{section.1.5}% 31
\BOOKMARK [1][-]{section.1.6}{Inference with Bayes' Theorem for Random Variables}{chapter.1}% 32
\BOOKMARK [2][-]{subsection.1.6.1}{The Product Rule for Random Variables \(Also Called the Chain Rule\)}{section.1.6}% 33
\BOOKMARK [2][-]{subsection.1.6.2}{Bayes' Rule for Random Variables \(Also Called Bayes' Theorem for Random Variables}{section.1.6}% 34
\BOOKMARK [2][-]{subsection.1.6.3}{Bayes' Theorem for Random Variables: A Computational View}{section.1.6}% 35
\BOOKMARK [2][-]{subsection.1.6.4}{Maximum A Posteriori \(MAP\) Estimation}{section.1.6}% 36
\BOOKMARK [1][-]{section.1.7}{Independence Structure}{chapter.1}% 37
\BOOKMARK [2][-]{subsection.1.7.1}{Independent Events}{section.1.7}% 38
\BOOKMARK [2][-]{subsection.1.7.2}{Independent Random Variables}{section.1.7}% 39
\BOOKMARK [2][-]{subsection.1.7.3}{Mutual vs Pairwise Independence}{section.1.7}% 40
\BOOKMARK [2][-]{subsection.1.7.4}{Conditional Independence}{section.1.7}% 41
\BOOKMARK [2][-]{subsection.1.7.5}{Explaining Away}{section.1.7}% 42
\BOOKMARK [2][-]{subsection.1.7.6}{Practice Problem: Conditional Independence}{section.1.7}% 43
\BOOKMARK [0][-]{chapter.2}{Graphical Models}{}% 44
\BOOKMARK [0][-]{chapter.3}{Learning a Probabilistic Model from Data}{}% 45
\BOOKMARK [0][-]{appendix.A}{Notation Summary}{}% 46
